<?xml version="1.0" encoding="UTF-8"?>
<!-- Generated by org.testng.reporters.JUnitReportReporter -->
<testsuite skipped="0" hostname="PUNITP157153L" name="com.test.selenium.NewTest" tests="1" failures="0" timestamp="12 Nov 2018 04:12:31 GMT" time="63.640" errors="0">
  <testcase name="f" time="63.640" classname="com.test.selenium.NewTest"/>
</testsuite> <!-- com.test.selenium.NewTest -->
