<?xml version="1.0" encoding="UTF-8"?>
<!-- Generated by org.testng.reporters.JUnitReportReporter -->
<testsuite skipped="0" hostname="PUNITP157153L" name="com.test.selenium.ExampleIntegrationTest" tests="1" failures="0" timestamp="12 Nov 2018 06:58:44 GMT" time="11.070" errors="0">
  <testcase name="f" time="11.070" classname="com.test.selenium.ExampleIntegrationTest"/>
</testsuite> <!-- com.test.selenium.ExampleIntegrationTest -->
